Using pre-set license
Built from '2022.3/staging' branch; Version is '2022.3.13f1 (5f90a5ebde0f) revision 6262949'; Using compiler version '192829333'; Build Type 'Release'
OS: 'Windows 10  (10.0.19045) 64bit Professional' Language: 'ru' Physical Memory: 15479 MB
BatchMode: 1, IsHumanControllingUs: 0, StartBugReporterOnCrash: 0, Is64bit: 1, IsPro: 1

COMMAND LINE ARGUMENTS:
D:\Program\6000.0.37f1\2022.3.13f1\Editor\Unity.exe
-adb2
-batchMode
-noUpm
-name
AssetImportWorker0
-projectPath
D:/Unity Projects/Unity Projects/Pixel Ship Battle Duo
-logFile
Logs/AssetImportWorker0.log
-srvPort
51279
Successfully changed project path to: D:/Unity Projects/Unity Projects/Pixel Ship Battle Duo
D:/Unity Projects/Unity Projects/Pixel Ship Battle Duo
[UnityMemory] Configuration Parameters - Can be set up in boot.config
    "memorysetup-bucket-allocator-granularity=16"
    "memorysetup-bucket-allocator-bucket-count=8"
    "memorysetup-bucket-allocator-block-size=33554432"
    "memorysetup-bucket-allocator-block-count=8"
    "memorysetup-main-allocator-block-size=16777216"
    "memorysetup-thread-allocator-block-size=16777216"
    "memorysetup-gfx-main-allocator-block-size=16777216"
    "memorysetup-gfx-thread-allocator-block-size=16777216"
    "memorysetup-cache-allocator-block-size=4194304"
    "memorysetup-typetree-allocator-block-size=2097152"
    "memorysetup-profiler-bucket-allocator-granularity=16"
    "memorysetup-profiler-bucket-allocator-bucket-count=8"
    "memorysetup-profiler-bucket-allocator-block-size=33554432"
    "memorysetup-profiler-bucket-allocator-block-count=8"
    "memorysetup-profiler-allocator-block-size=16777216"
    "memorysetup-profiler-editor-allocator-block-size=1048576"
    "memorysetup-temp-allocator-size-main=16777216"
    "memorysetup-job-temp-allocator-block-size=2097152"
    "memorysetup-job-temp-allocator-block-size-background=1048576"
    "memorysetup-job-temp-allocator-reduction-small-platforms=262144"
    "memorysetup-allocator-temp-initial-block-size-main=262144"
    "memorysetup-allocator-temp-initial-block-size-worker=262144"
    "memorysetup-temp-allocator-size-background-worker=32768"
    "memorysetup-temp-allocator-size-job-worker=262144"
    "memorysetup-temp-allocator-size-preload-manager=33554432"
    "memorysetup-temp-allocator-size-nav-mesh-worker=65536"
    "memorysetup-temp-allocator-size-audio-worker=65536"
    "memorysetup-temp-allocator-size-cloud-worker=32768"
    "memorysetup-temp-allocator-size-gi-baking-worker=262144"
    "memorysetup-temp-allocator-size-gfx=262144"
Player connection [24340] Host "[IP] 192.168.31.154 [Port] 0 [Flags] 2 [Guid] 3028930400 [EditorId] 3028930400 [Version] 1048832 [Id] WindowsEditor(7,DESKTOP-PLONBT0) [Debug] 1 [PackageName] WindowsEditor [ProjectName] Editor" joined multi-casting on [225.0.0.222:54997]...

Player connection [24340] Host "[IP] 192.168.31.154 [Port] 0 [Flags] 2 [Guid] 3028930400 [EditorId] 3028930400 [Version] 1048832 [Id] WindowsEditor(7,DESKTOP-PLONBT0) [Debug] 1 [PackageName] WindowsEditor [ProjectName] Editor" joined alternative multi-casting on [225.0.0.222:34997]...

[Physics::Module] Initialized MultithreadedJobDispatcher with 7 workers.
Refreshing native plugins compatible for Editor in 131.17 ms, found 4 plugins.
Preloading 0 native plugins for Editor in 0.00 ms.
Initialize engine version: 2022.3.13f1 (5f90a5ebde0f)
[Subsystems] Discovering subsystems at path D:/Program/6000.0.37f1/2022.3.13f1/Editor/Data/Resources/UnitySubsystems
[Subsystems] Discovering subsystems at path D:/Unity Projects/Unity Projects/Pixel Ship Battle Duo/Assets
GfxDevice: creating device client; threaded=0; jobified=0
Direct3D:
    Version:  Direct3D 11.0 [level 11.1]
    Renderer: AMD Radeon(TM) Graphics (ID=0x164c)
    Vendor:   ATI
    VRAM:     7739 MB
    Driver:   27.20.14032.15001
Initialize mono
Mono path[0] = 'D:/Program/6000.0.37f1/2022.3.13f1/Editor/Data/Managed'
Mono path[1] = 'D:/Program/6000.0.37f1/2022.3.13f1/Editor/Data/MonoBleedingEdge/lib/mono/unityjit-win32'
Mono config path = 'D:/Program/6000.0.37f1/2022.3.13f1/Editor/Data/MonoBleedingEdge/etc'
Using monoOptions --debugger-agent=transport=dt_socket,embedding=1,server=y,suspend=n,address=127.0.0.1:56276
Begin MonoManager ReloadAssembly
Registering precompiled unity dll's ...
Register platform support module: D:/Program/6000.0.37f1/2022.3.13f1/Editor/Data/PlaybackEngines/WindowsStandaloneSupport/UnityEditor.WindowsStandalone.Extensions.dll
Registered in 0.010986 seconds.
- Loaded All Assemblies, in  0.942 seconds
Native extension for WindowsStandalone target not found
Mono: successfully reloaded assembly
- Finished resetting the current domain, in  0.671 seconds
Domain Reload Profiling: 1613ms
	BeginReloadAssembly (326ms)
		ExecutionOrderSort (0ms)
		DisableScriptedObjects (0ms)
		BackupInstance (0ms)
		ReleaseScriptingObjects (0ms)
		CreateAndSetChildDomain (2ms)
	RebuildCommonClasses (95ms)
	RebuildNativeTypeToScriptingClass (29ms)
	initialDomainReloadingComplete (136ms)
	LoadAllAssembliesAndSetupDomain (355ms)
		LoadAssemblies (325ms)
		RebuildTransferFunctionScriptingTraits (0ms)
		AnalyzeDomain (350ms)
			TypeCache.Refresh (348ms)
				TypeCache.ScanAssembly (321ms)
			ScanForSourceGeneratedMonoScriptInfo (1ms)
			ResolveRequiredComponents (1ms)
	FinalizeReload (672ms)
		ReleaseScriptCaches (0ms)
		RebuildScriptCaches (0ms)
		SetupLoadedEditorAssemblies (532ms)
			LogAssemblyErrors (0ms)
			InitializePlatformSupportModulesInManaged (20ms)
			SetLoadedEditorAssemblies (17ms)
			RefreshPlugins (0ms)
			BeforeProcessingInitializeOnLoad (6ms)
			ProcessInitializeOnLoadAttributes (350ms)
			ProcessInitializeOnLoadMethodAttributes (138ms)
			AfterProcessingInitializeOnLoad (0ms)
			EditorAssembliesLoaded (0ms)
		ExecutionOrderSort2 (0ms)
		AwakeInstancesAfterBackupRestoration (0ms)
========================================================================
Worker process is ready to serve import requests
Begin MonoManager ReloadAssembly
- Loaded All Assemblies, in  2.033 seconds
Refreshing native plugins compatible for Editor in 10.09 ms, found 4 plugins.
Native extension for WindowsStandalone target not found
Package Manager log level set to [2]
[Package Manager] Server::EnsureServerProcessIsRunning -- launch failed, reason: Unity was launched with the -noUpm command-line argument
[Package Manager] UpmClient::Send -- Unable to send message (not connected to UPM process).
[Package Manager] Cannot connect to Unity Package Manager local server
Mono: successfully reloaded assembly
- Finished resetting the current domain, in  2.473 seconds
Domain Reload Profiling: 4506ms
	BeginReloadAssembly (461ms)
		ExecutionOrderSort (0ms)
		DisableScriptedObjects (17ms)
		BackupInstance (0ms)
		ReleaseScriptingObjects (0ms)
		CreateAndSetChildDomain (43ms)
	RebuildCommonClasses (94ms)
	RebuildNativeTypeToScriptingClass (31ms)
	initialDomainReloadingComplete (99ms)
	LoadAllAssembliesAndSetupDomain (1347ms)
		LoadAssemblies (935ms)
		RebuildTransferFunctionScriptingTraits (0ms)
		AnalyzeDomain (713ms)
			TypeCache.Refresh (640ms)
				TypeCache.ScanAssembly (602ms)
			ScanForSourceGeneratedMonoScriptInfo (56ms)
			ResolveRequiredComponents (15ms)
	FinalizeReload (2474ms)
		ReleaseScriptCaches (0ms)
		RebuildScriptCaches (0ms)
		SetupLoadedEditorAssemblies (2023ms)
			LogAssemblyErrors (0ms)
			InitializePlatformSupportModulesInManaged (11ms)
			SetLoadedEditorAssemblies (9ms)
			RefreshPlugins (0ms)
			BeforeProcessingInitializeOnLoad (149ms)
			ProcessInitializeOnLoadAttributes (1776ms)
			ProcessInitializeOnLoadMethodAttributes (67ms)
			AfterProcessingInitializeOnLoad (9ms)
			EditorAssembliesLoaded (0ms)
		ExecutionOrderSort2 (0ms)
		AwakeInstancesAfterBackupRestoration (17ms)
Launched and connected shader compiler UnityShaderCompiler.exe after 0.16 seconds
Refreshing native plugins compatible for Editor in 9.18 ms, found 4 plugins.
Preloading 0 native plugins for Editor in 0.00 ms.
Unloading 4034 Unused Serialized files (Serialized files now loaded: 0)
Unloading 64 unused Assets / (1.4 MB). Loaded Objects now: 4513.
Memory consumption went from 181.6 MB to 180.2 MB.
Total: 11.656300 ms (FindLiveObjects: 0.672800 ms CreateObjectMapping: 0.378000 ms MarkObjects: 9.830600 ms  DeleteObjects: 0.772400 ms)

AssetImportParameters requested are different than current active one (requested -> active):
  custom:container-demuxer-ogg: 62fdf1f143b41e24485cea50d1cbac27 -> 
  custom:video-decoder-ogg-theora: a1e56fd34408186e4bbccfd4996cb3dc -> 
  custom:framework-win-MediaFoundation: 216162199b28c13a410421893ffa2e32 -> 
  custom:CustomObjectIndexerAttribute: 756ad292c208cfabdd7b50bc23989ffe -> 
  custom:container-demuxer-webm: 4f35f7cbe854078d1ac9338744f61a02 -> 
  custom:container-muxer-webm: aa71ff27fc2769a1b78a27578f13a17b -> 
  custom:video-decoder-webm-vp8: 9c59270c3fd7afecdb556c50c9e8de78 -> 
  custom:SearchIndexIgnoredProperties: e643bd26f0fe6173181afceb89e7c659 -> 
  custom:AudioImporter_EditorPlatform: d09bf68614088b80899f8185d706f6e7 -> 
  custom:video-encoder-webm-vp8: eb34c28f22e8b96e1ab97ce403110664 -> 
  custom:audio-decoder-ogg-vorbis: bf7c407c2cedff20999df2af8eb42d56 -> 
  custom:audio-encoder-webm-vorbis: bf7c407c2cedff20999df2af8eb42d56 -> 
========================================================================
Received Import Request.
  Time since last request: 16499.056359 seconds.
  path: Assets/Sprites/Icons/Icons_/Icons_1/_Back.png
  artifactKey: Guid(202ec33d3d0ba6545a4a2c3be3a2061f) Importer(815301076,1909f56bfc062723c751e8b465ee728b)
Start importing Assets/Sprites/Icons/Icons_/Icons_1/_Back.png using Guid(202ec33d3d0ba6545a4a2c3be3a2061f) Importer(815301076,1909f56bfc062723c751e8b465ee728b)  -> (artifact id: '92c0a6eeb115f3276bee7d568a9c390a') in 0.221669 seconds
Number of updated asset objects reloaded before import = 0
Number of asset objects unloaded after import = 3
========================================================================
Received Import Request.
  Time since last request: 0.000174 seconds.
  path: Assets/Sprites/Icons/Icons_/Icons_1/_CoinSkip_.png
  artifactKey: Guid(0b5bb2c766674404fa10ebeba198fc02) Importer(815301076,1909f56bfc062723c751e8b465ee728b)
Start importing Assets/Sprites/Icons/Icons_/Icons_1/_CoinSkip_.png using Guid(0b5bb2c766674404fa10ebeba198fc02) Importer(815301076,1909f56bfc062723c751e8b465ee728b)  -> (artifact id: '0294249e34bae1228cf20443bf4dea67') in 0.035794 seconds
Number of updated asset objects reloaded before import = 0
Number of asset objects unloaded after import = 3
========================================================================
Received Import Request.
  Time since last request: 0.000122 seconds.
  path: Assets/Sprites/Icons/Icons_/Icons_1/_AdSkip_.png
  artifactKey: Guid(bcc3d5736e5b9d247ba1bd3cdcbe7564) Importer(815301076,1909f56bfc062723c751e8b465ee728b)
Start importing Assets/Sprites/Icons/Icons_/Icons_1/_AdSkip_.png using Guid(bcc3d5736e5b9d247ba1bd3cdcbe7564) Importer(815301076,1909f56bfc062723c751e8b465ee728b)  -> (artifact id: '1b5612930c856cee7dbed95ffe4aaaa0') in 0.026458 seconds
Number of updated asset objects reloaded before import = 0
Number of asset objects unloaded after import = 3
========================================================================
Received Import Request.
  Time since last request: 0.000090 seconds.
  path: Assets/Sprites/Icons/Icons_/Icons_1/_Skip.png
  artifactKey: Guid(efb4efe256a223d4e9bd374fac76ac45) Importer(815301076,1909f56bfc062723c751e8b465ee728b)
Start importing Assets/Sprites/Icons/Icons_/Icons_1/_Skip.png using Guid(efb4efe256a223d4e9bd374fac76ac45) Importer(815301076,1909f56bfc062723c751e8b465ee728b)  -> (artifact id: '84d489fbad21d88a44a9c90b6c02cb7c') in 0.029876 seconds
Number of updated asset objects reloaded before import = 0
Number of asset objects unloaded after import = 3
========================================================================
Received Import Request.
  Time since last request: 0.000216 seconds.
  path: Assets/Packages
  artifactKey: Guid(c0ee6e1a2219e0c4786dfce30d2515e6) Importer(815301076,1909f56bfc062723c751e8b465ee728b)
Start importing Assets/Packages using Guid(c0ee6e1a2219e0c4786dfce30d2515e6) Importer(815301076,1909f56bfc062723c751e8b465ee728b)  -> (artifact id: '66da13f4ad96f3206d5b4eed218dddc0') in 0.000749 seconds
Number of updated asset objects reloaded before import = 0
Number of asset objects unloaded after import = 0
========================================================================
Received Import Request.
  Time since last request: 0.000390 seconds.
  path: Assets/Sprites/Icons/Icons_/Icons_1/_Retry.png
  artifactKey: Guid(584114194ab98464cb62a99c7be83717) Importer(815301076,1909f56bfc062723c751e8b465ee728b)
Start importing Assets/Sprites/Icons/Icons_/Icons_1/_Retry.png using Guid(584114194ab98464cb62a99c7be83717) Importer(815301076,1909f56bfc062723c751e8b465ee728b)  -> (artifact id: '1f8938d06ae0fe3f69ca80021662b200') in 0.032776 seconds
Number of updated asset objects reloaded before import = 0
Number of asset objects unloaded after import = 3
========================================================================
Received Import Request.
  Time since last request: 0.000029 seconds.
  path: Assets/Sprites
  artifactKey: Guid(ad7b387f452a83244bd8db0b2480984c) Importer(815301076,1909f56bfc062723c751e8b465ee728b)
Start importing Assets/Sprites using Guid(ad7b387f452a83244bd8db0b2480984c) Importer(815301076,1909f56bfc062723c751e8b465ee728b)  -> (artifact id: '30ec845072fc6db33711893e3d2ff01b') in 0.000815 seconds
Number of updated asset objects reloaded before import = 0
Number of asset objects unloaded after import = 0
========================================================================
Received Import Request.
  Time since last request: 0.000203 seconds.
  path: Assets/Prefabs
  artifactKey: Guid(f25602d869e4c3e4aa5f8f1201d1f0e1) Importer(815301076,1909f56bfc062723c751e8b465ee728b)
Start importing Assets/Prefabs using Guid(f25602d869e4c3e4aa5f8f1201d1f0e1) Importer(815301076,1909f56bfc062723c751e8b465ee728b)  -> (artifact id: 'b6f1de3e6ec3b4f58cc03a6afd7eaddb') in 0.000745 seconds
Number of updated asset objects reloaded before import = 0
Number of asset objects unloaded after import = 0
========================================================================
Received Import Request.
  Time since last request: 0.000251 seconds.
  path: Assets/Sprites/Icons/Icons_/Icons_1/_MusicOff.png
  artifactKey: Guid(8e3b5c3a5b052a04dab2a85d2edf97e6) Importer(815301076,1909f56bfc062723c751e8b465ee728b)
Start importing Assets/Sprites/Icons/Icons_/Icons_1/_MusicOff.png using Guid(8e3b5c3a5b052a04dab2a85d2edf97e6) Importer(815301076,1909f56bfc062723c751e8b465ee728b)  -> (artifact id: '6befad2e3807f8544a7cb417376b20b6') in 0.030978 seconds
Number of updated asset objects reloaded before import = 0
Number of asset objects unloaded after import = 3
========================================================================
Received Import Request.
  Time since last request: 0.000034 seconds.
  path: Assets/Textures
  artifactKey: Guid(94853b67e9fc7ed4c95a32a559725d3c) Importer(815301076,1909f56bfc062723c751e8b465ee728b)
Start importing Assets/Textures using Guid(94853b67e9fc7ed4c95a32a559725d3c) Importer(815301076,1909f56bfc062723c751e8b465ee728b)  -> (artifact id: 'd722401e7cf490605a4a324e97cb7c5d') in 0.001286 seconds
Number of updated asset objects reloaded before import = 0
Number of asset objects unloaded after import = 0
========================================================================
Received Import Request.
  Time since last request: 0.000281 seconds.
  path: Assets/Materials/Space Sky.mat
  artifactKey: Guid(7bcb3b869634a8e4f8198a1c98835c15) Importer(815301076,1909f56bfc062723c751e8b465ee728b)
Start importing Assets/Materials/Space Sky.mat using Guid(7bcb3b869634a8e4f8198a1c98835c15) Importer(815301076,1909f56bfc062723c751e8b465ee728b)  -> (artifact id: '9628710276a87ec17aad45bcfff3d50f') in 0.148147 seconds
Number of updated asset objects reloaded before import = 0
Number of asset objects unloaded after import = 7
========================================================================
Received Import Request.
  Time since last request: 0.008958 seconds.
  path: Assets/Packages/ButtonsStyle/Materials/ThaleahFat_TTF.ttf
  artifactKey: Guid(585188cdc4600544eb408bee749e4b3a) Importer(815301076,1909f56bfc062723c751e8b465ee728b)
Start importing Assets/Packages/ButtonsStyle/Materials/ThaleahFat_TTF.ttf using Guid(585188cdc4600544eb408bee749e4b3a) Importer(815301076,1909f56bfc062723c751e8b465ee728b)  -> (artifact id: '0c436c805f8216ad59f2e10b3c6231c4') in 0.045029 seconds
Number of updated asset objects reloaded before import = 0
Number of asset objects unloaded after import = 4
========================================================================
Received Import Request.
  Time since last request: 1.826143 seconds.
  path: Assets/Packages/ButtonsStyle/Materials/Generated/Dark/Thaleah_DemoBackground_Normal.png
  artifactKey: Guid(b9b7193d80878f84a848dcf5a16e4a5f) Importer(815301076,1909f56bfc062723c751e8b465ee728b)
Start importing Assets/Packages/ButtonsStyle/Materials/Generated/Dark/Thaleah_DemoBackground_Normal.png using Guid(b9b7193d80878f84a848dcf5a16e4a5f) Importer(815301076,1909f56bfc062723c751e8b465ee728b)  -> (artifact id: '2ff5d052f7e9094d86b600ef1a816c1c') in 0.037042 seconds
Number of updated asset objects reloaded before import = 0
Number of asset objects unloaded after import = 2
========================================================================
Received Import Request.
  Time since last request: 8.851266 seconds.
  path: Assets/Packages/Skybox/bottom.png
  artifactKey: Guid(3eca390e2fc3aa342acf3ccfb543bea8) Importer(815301076,1909f56bfc062723c751e8b465ee728b)
Start importing Assets/Packages/Skybox/bottom.png using Guid(3eca390e2fc3aa342acf3ccfb543bea8) Importer(815301076,1909f56bfc062723c751e8b465ee728b)  -> (artifact id: '1f7fdc60eaf73dbbc4b1a59dfe35de55') in 0.040478 seconds
Number of updated asset objects reloaded before import = 0
Number of asset objects unloaded after import = 2
========================================================================
Received Import Request.
  Time since last request: 0.000064 seconds.
  path: Assets/Packages/Skybox/top.png
  artifactKey: Guid(fa4e1b34befc3824e900108235c7d510) Importer(815301076,1909f56bfc062723c751e8b465ee728b)
Start importing Assets/Packages/Skybox/top.png using Guid(fa4e1b34befc3824e900108235c7d510) Importer(815301076,1909f56bfc062723c751e8b465ee728b)  -> (artifact id: 'de664d68aa2c0918c3f7feb8c3a98240') in 0.028855 seconds
Number of updated asset objects reloaded before import = 0
Number of asset objects unloaded after import = 2
========================================================================
Received Import Request.
  Time since last request: 0.000035 seconds.
  path: Assets/Packages/Skybox/Space Sky.mat
  artifactKey: Guid(bfa2251829150fb4dbdc2a4629438413) Importer(815301076,1909f56bfc062723c751e8b465ee728b)
Start importing Assets/Packages/Skybox/Space Sky.mat using Guid(bfa2251829150fb4dbdc2a4629438413) Importer(815301076,1909f56bfc062723c751e8b465ee728b)  -> (artifact id: 'fd43834bd062e29228dbfe2239892b06') in 0.023786 seconds
Number of updated asset objects reloaded before import = 0
Number of asset objects unloaded after import = 7
